<?xml version="1.0" encoding="UTF-8"?>
<beans xmlns="http://www.springframework.org/schema/beans"
       xmlns:xsi="http://www.w3.org/2001/XMLSchema-instance"
       xmlns:context="http://www.springframework.org/schema/context"
       xmlns:jdbc="http://www.springframework.org/schema/jdbc"
       xmlns:tx="http://www.springframework.org/schema/tx"
       xmlns:jpa="http://www.springframework.org/schema/data/jpa"
       xsi:schemaLocation="http://www.springframework.org/schema/beans
        http://www.springframework.org/schema/beans/spring-beans-3.0.xsd
        http://www.springframework.org/schema/context
        http://www.springframework.org/schema/context/spring-context-3.0.xsd
        http://www.springframework.org/schema/jdbc
        http://www.springframework.org/schema/jdbc/spring-jdbc-3.0.xsd
        http://www.springframework.org/schema/tx http://www.springframework.org/schema/tx/spring-tx.xsd http://www.springframework.org/schema/data/jpa http://www.springframework.org/schema/data/jpa/spring-jpa.xsd">

    <import resource="classpath*:dao-beans.xml"/>


    <!--<context:component-scan base-package="rw.ktc.ksupr.web.model"/>-->

    <!--<bean id="daoResource" class="ru.intervale.getLastForecast.db.dao.ResourceJDBCTemplate">-->
    <!--<property name="dataSource" ref="dataSource"/>-->
    <!--</bean>-->

    <!--<jdbc:embedded-database id="dataSourceE" type="H2">-->
    <!--<jdbc:script location="classpath:/schema.sql"/>-->
    <!-- 	    <jdbc:script location="classpath:/getLastForecast-data.sql"/> -->
    <!--</jdbc:embedded-database>-->






    <!--<bean id="daoRailDiv" class="rw.ktc.ksupr.web.dao.access.impl.DaoRailDidImpl">-->
        <!--<property name="sessionFactory" ref="sessionFactory"/>-->
    <!--</bean>-->
    <!--<bean class="rw.ktc.ksupr.web.dao.access.impl.DaoStationNsiImpl">-->
        <!--<property name="sessionFactory" ref="sessionFactory"/>-->
    <!--</bean>-->

    <!--<bean id="daoMenu" class="rw.ktc.ksupr.web.dao.access.impl.DaoMenuImpl">-->
        <!--<property name="sessionFactory" ref="sessionFactory"/>-->
    <!--</bean>-->

</beans>